<?xml version="1.0" encoding="UTF-8"?>
<testsuite xmlns:xsi="http://www.w3.org/2001/XMLSchema-instance" xsi:noNamespaceSchemaLocation="https://maven.apache.org/surefire/maven-surefire-plugin/xsd/surefire-test-report-3.0.xsd" version="3.0" name="cl.desafiolatam.ServicioPersonaTest" time="0.053" tests="4" errors="0" skipped="0" failures="4">
  <properties>
[...]
</properties>
  <testcase name="cl.desafiolatam.ServicioPersonaTest.testEliminarPersona()" classname="cl.desafiolatam.ServicioPersonaTest" time="0.046">
    <failure message="org/junit/jupiter/api/Assertions" type="java.lang.NoClassDefFoundError"><![CDATA[java.lang.NoClassDefFoundError: org/junit/jupiter/api/Assertions
	at cl.desafiolatam.ServicioPersonaTest.testEliminarPersona(ServicioPersonaTest.java:66)
	at java.base/jdk.internal.reflect.NativeMethodAccessorImpl.invoke0(Native Method)
	at java.base/jdk.internal.reflect.NativeMethodAccessorImpl.invoke(NativeMethodAccessorImpl.java:77)
	at java.base/jdk.internal.reflect.DelegatingMethodAccessorImpl.invoke(DelegatingMethodAccessorImpl.java:43)
	at java.base/java.lang.reflect.Method.invoke(Method.java:568)
	at org.apache.maven.surefire.junit.PojoTestSetExecutor.executeTestMethod(PojoTestSetExecutor.java:104)
	at org.apache.maven.surefire.junit.PojoTestSetExecutor.execute(PojoTestSetExecutor.java:63)
	at org.apache.maven.surefire.junit.JUnit3Provider.executeTestSet(JUnit3Provider.java:131)
	at org.apache.maven.surefire.junit.JUnit3Provider.invoke(JUnit3Provider.java:93)
	at org.apache.maven.surefire.booter.ForkedBooter.runSuitesInProcess(ForkedBooter.java:385)
	at org.apache.maven.surefire.booter.ForkedBooter.execute(ForkedBooter.java:162)
	at org.apache.maven.surefire.booter.ForkedBooter.run(ForkedBooter.java:507)
	at org.apache.maven.surefire.booter.ForkedBooter.main(ForkedBooter.java:495)
Caused by: java.lang.ClassNotFoundException: org.junit.jupiter.api.Assertions
	at java.base/jdk.internal.loader.BuiltinClassLoader.loadClass(BuiltinClassLoader.java:641)
	at java.base/jdk.internal.loader.ClassLoaders$AppClassLoader.loadClass(ClassLoaders.java:188)
	at java.base/java.lang.ClassLoader.loadClass(ClassLoader.java:525)
	... 13 more
]]></failure>
    <system-err><![CDATA[may. 08, 2024 9:46:37 P. M. cl.desafiolatam.ServicioPersonaTest testEliminarPersona
INFORMACIÓN: info listar persona
]]></system-err>
  </testcase>
  <testcase name="cl.desafiolatam.ServicioPersonaTest.testActualizarPersona()" classname="cl.desafiolatam.ServicioPersonaTest" time="0.002">
    <failure message="org/junit/jupiter/api/Assertions" type="java.lang.NoClassDefFoundError"><![CDATA[java.lang.NoClassDefFoundError: org/junit/jupiter/api/Assertions
	at cl.desafiolatam.ServicioPersonaTest.testActualizarPersona(ServicioPersonaTest.java:52)
	at java.base/jdk.internal.reflect.NativeMethodAccessorImpl.invoke0(Native Method)
	at java.base/jdk.internal.reflect.NativeMethodAccessorImpl.invoke(NativeMethodAccessorImpl.java:77)
	at java.base/jdk.internal.reflect.DelegatingMethodAccessorImpl.invoke(DelegatingMethodAccessorImpl.java:43)
	at java.base/java.lang.reflect.Method.invoke(Method.java:568)
	at org.apache.maven.surefire.junit.PojoTestSetExecutor.executeTestMethod(PojoTestSetExecutor.java:104)
	at org.apache.maven.surefire.junit.PojoTestSetExecutor.execute(PojoTestSetExecutor.java:63)
	at org.apache.maven.surefire.junit.JUnit3Provider.executeTestSet(JUnit3Provider.java:131)
	at org.apache.maven.surefire.junit.JUnit3Provider.invoke(JUnit3Provider.java:93)
	at org.apache.maven.surefire.booter.ForkedBooter.runSuitesInProcess(ForkedBooter.java:385)
	at org.apache.maven.surefire.booter.ForkedBooter.execute(ForkedBooter.java:162)
	at org.apache.maven.surefire.booter.ForkedBooter.run(ForkedBooter.java:507)
	at org.apache.maven.surefire.booter.ForkedBooter.main(ForkedBooter.java:495)
Caused by: java.lang.ClassNotFoundException: org.junit.jupiter.api.Assertions
	... 13 more
]]></failure>
    <system-err><![CDATA[may. 08, 2024 9:46:37 P. M. cl.desafiolatam.ServicioPersonaTest testActualizarPersona
INFORMACIÓN: info actualizar persona
]]></system-err>
  </testcase>
  <testcase name="cl.desafiolatam.ServicioPersonaTest.testListarPersona()" classname="cl.desafiolatam.ServicioPersonaTest" time="0.001">
    <failure message="org/junit/jupiter/api/Assertions" type="java.lang.NoClassDefFoundError"><![CDATA[java.lang.NoClassDefFoundError: org/junit/jupiter/api/Assertions
	at cl.desafiolatam.ServicioPersonaTest.testListarPersona(ServicioPersonaTest.java:59)
	at java.base/jdk.internal.reflect.NativeMethodAccessorImpl.invoke0(Native Method)
	at java.base/jdk.internal.reflect.NativeMethodAccessorImpl.invoke(NativeMethodAccessorImpl.java:77)
	at java.base/jdk.internal.reflect.DelegatingMethodAccessorImpl.invoke(DelegatingMethodAccessorImpl.java:43)
	at java.base/java.lang.reflect.Method.invoke(Method.java:568)
	at org.apache.maven.surefire.junit.PojoTestSetExecutor.executeTestMethod(PojoTestSetExecutor.java:104)
	at org.apache.maven.surefire.junit.PojoTestSetExecutor.execute(PojoTestSetExecutor.java:63)
	at org.apache.maven.surefire.junit.JUnit3Provider.executeTestSet(JUnit3Provider.java:131)
	at org.apache.maven.surefire.junit.JUnit3Provider.invoke(JUnit3Provider.java:93)
	at org.apache.maven.surefire.booter.ForkedBooter.runSuitesInProcess(ForkedBooter.java:385)
	at org.apache.maven.surefire.booter.ForkedBooter.execute(ForkedBooter.java:162)
	at org.apache.maven.surefire.booter.ForkedBooter.run(ForkedBooter.java:507)
	at org.apache.maven.surefire.booter.ForkedBooter.main(ForkedBooter.java:495)
Caused by: java.lang.ClassNotFoundException: org.junit.jupiter.api.Assertions
	... 13 more
]]></failure>
    <system-err><![CDATA[may. 08, 2024 9:46:37 P. M. cl.desafiolatam.ServicioPersonaTest testListarPersona
INFORMACIÓN: info listar persona
]]></system-err>
  </testcase>
  <testcase name="cl.desafiolatam.ServicioPersonaTest.testCrearPersona()" classname="cl.desafiolatam.ServicioPersonaTest" time="0.001">
    <failure message="org/junit/jupiter/api/Assertions" type="java.lang.NoClassDefFoundError"><![CDATA[java.lang.NoClassDefFoundError: org/junit/jupiter/api/Assertions
	at cl.desafiolatam.ServicioPersonaTest.testCrearPersona(ServicioPersonaTest.java:44)
	at java.base/jdk.internal.reflect.NativeMethodAccessorImpl.invoke0(Native Method)
	at java.base/jdk.internal.reflect.NativeMethodAccessorImpl.invoke(NativeMethodAccessorImpl.java:77)
	at java.base/jdk.internal.reflect.DelegatingMethodAccessorImpl.invoke(DelegatingMethodAccessorImpl.java:43)
	at java.base/java.lang.reflect.Method.invoke(Method.java:568)
	at org.apache.maven.surefire.junit.PojoTestSetExecutor.executeTestMethod(PojoTestSetExecutor.java:104)
	at org.apache.maven.surefire.junit.PojoTestSetExecutor.execute(PojoTestSetExecutor.java:63)
	at org.apache.maven.surefire.junit.JUnit3Provider.executeTestSet(JUnit3Provider.java:131)
	at org.apache.maven.surefire.junit.JUnit3Provider.invoke(JUnit3Provider.java:93)
	at org.apache.maven.surefire.booter.ForkedBooter.runSuitesInProcess(ForkedBooter.java:385)
	at org.apache.maven.surefire.booter.ForkedBooter.execute(ForkedBooter.java:162)
	at org.apache.maven.surefire.booter.ForkedBooter.run(ForkedBooter.java:507)
	at org.apache.maven.surefire.booter.ForkedBooter.main(ForkedBooter.java:495)
Caused by: java.lang.ClassNotFoundException: org.junit.jupiter.api.Assertions
	... 13 more
]]></failure>
    <system-err><![CDATA[may. 08, 2024 9:46:37 P. M. cl.desafiolatam.ServicioPersonaTest testCrearPersona
INFORMACIÓN: info test crear persona
]]></system-err>
  </testcase>
</testsuite>